Arguments: 
  /usr/bin/node /usr/share/yarn/bin/yarn.js run start

PATH: 
  /bin:/home/nascarsayan/.local/bin:/home/nascarsayan/.cargo/bin:/home/nascarsayan/.cargo/bin:/home/nascarsayan/node_modules/.bin:/home/nascarsayan/bin:/home/nascarsayan/.local/bin:/home/nascarsayan/.cargo/bin:/usr/local/sbin:/usr/local/bin:/usr/sbin:/usr/bin:/sbin:/bin:/usr/games:/usr/local/games:/snap/bin

Yarn version: 
  1.5.1

Node version: 
  8.10.0

Platform: 
  linux x64

npm manifest: 
  No manifest

yarn manifest: 
  No manifest

Lockfile: 
  No lockfile

Trace: 
  Error: Couldn't find a package.json file in "/home/nascarsayan/Softwares/code/sem6/dbms/animapp"
      at new MessageError (/usr/share/yarn/lib/cli.js:186:110)
      at /usr/share/yarn/lib/cli.js:40048:15
      at Generator.next (<anonymous>)
      at step (/usr/share/yarn/lib/cli.js:98:30)
      at /usr/share/yarn/lib/cli.js:109:13
      at <anonymous>
