Arguments: 
  /usr/bin/node /usr/share/yarn/bin/yarn.js remove sqlite3

PATH: 
  /bin:/home/nascarsayan/.local/bin:/home/nascarsayan/.cargo/bin:/home/nascarsayan/.cargo/bin:/home/nascarsayan/node_modules/.bin:/home/nascarsayan/bin:/home/nascarsayan/.local/bin:/home/nascarsayan/.cargo/bin:/usr/local/sbin:/usr/local/bin:/usr/sbin:/usr/bin:/sbin:/bin:/usr/games:/usr/local/games:/snap/bin

Yarn version: 
  1.5.1

Node version: 
  8.10.0

Platform: 
  linux x64

npm manifest: 
  {
    "name": "server",
    "version": "1.0.0",
    "description": "",
    "main": "index.js",
    "scripts": {
      "start": "nodemon src/app.js --exec  \"npm run lint && node\"",
      "lint": "eslint src/**/*.js",
      "lint:fix": "eslint src/**/*.js  --fix",
      "seed": "node seed"
    },
    "keywords": [],
    "author": "",
    "license": "ISC",
    "dependencies": {
      "bcrypt-nodejs": "0.0.3",
      "bluebird": "^3.5.0",
      "body-parser": "^1.17.2",
      "cors": "^2.8.4",
      "express": "^4.15.4",
      "joi": "^10.6.0",
      "jsonwebtoken": "^8.0.0",
      "morgan": "^1.8.2",
      "passport": "^0.4.0",
      "passport-jwt": "^3.0.0",
      "sequelize": "^4.8.0",
      "sqlite3": "^3.1.8"
    },
    "devDependencies": {
      "eslint": "^4.18.2",
      "eslint-config-standard": "^11.0.0",
      "eslint-plugin-import": "^2.9.0",
      "eslint-plugin-node": "^6.0.1",
      "eslint-plugin-promise": "^3.7.0",
      "eslint-plugin-standard": "^3.0.1",
      "nodemon": "^1.11.0"
    }
  }

yarn manifest: 
  No manifest

Lockfile: 
  No lockfile

Trace: 
  Error: No lockfile in this directory. Run `yarn install` to generate one.
      at new MessageError (/usr/share/yarn/lib/cli.js:186:110)
      at /usr/share/yarn/lib/cli.js:89389:13
      at <anonymous>
